Build started 4/5/2014 1:05:51 PM.
     1>Project "C:\Users\Ady\Documents\Visual Studio 2012\Projects\cheltu\cheltu\cheltu.vcxproj" on node 2 (Build target(s)).
     1>ClCompile:
         C:\Program Files (x86)\Microsoft Visual Studio 11.0\VC\bin\CL.exe /c /ZI /nologo /W3 /WX- /sdl /Od /Oy- /D WIN32 /D _WINDOWS /D _DEBUG /D _UNICODE /D UNICODE /D _AFXDLL /Gm /EHsc /RTC1 /MDd /GS /fp:precise /Zc:wchar_t /Zc:forScope /Yu"stdafx.h" /Fp"Debug\cheltu.pch" /Fo"Debug\\" /Fd"Debug\vc110.pdb" /Gd /TP /analyze- /errorReport:prompt cheltu.cpp cheltuView.cpp ChildFrm.cpp ClassView.cpp FileView.cpp MainFrm.cpp OutputWnd.cpp PropertiesWnd.cpp ViewTree.cpp
         ViewTree.cpp
         PropertiesWnd.cpp
         OutputWnd.cpp
         MainFrm.cpp
         FileView.cpp
         ClassView.cpp
         ChildFrm.cpp
         cheltuView.cpp
         cheltu.cpp
         Generating Code...
       ResourceCompile:
         C:\Program Files (x86)\Windows Kits\8.0\bin\x86\rc.exe /D _DEBUG /D _UNICODE /D UNICODE /D _AFXDLL /l"0x0409" /IDebug\ /nologo /fo"Debug\cheltu.res" cheltu.rc 
       Link:
         C:\Program Files (x86)\Microsoft Visual Studio 11.0\VC\bin\link.exe /ERRORREPORT:PROMPT /OUT:"C:\Users\Ady\Documents\Visual Studio 2012\Projects\cheltu\Debug\cheltu.exe" /INCREMENTAL /NOLOGO /MANIFEST /MANIFESTUAC:"level='asInvoker' uiAccess='false'" /manifest:embed /manifestinput:"C:\Program Files (x86)\Microsoft Visual Studio 11.0\VC\Include\Manifest\dpiaware.manifest" /DEBUG /PDB:"C:\Users\Ady\Documents\Visual Studio 2012\Projects\cheltu\Debug\cheltu.pdb" /SUBSYSTEM:WINDOWS /TLBID:1 /ENTRY:"wWinMainCRTStartup" /DYNAMICBASE /NXCOMPAT /IMPLIB:"C:\Users\Ady\Documents\Visual Studio 2012\Projects\cheltu\Debug\cheltu.lib" /MACHINE:X86 Debug\cheltu.res
         Debug\cheltu.obj
         Debug\cheltuDoc.obj
         Debug\cheltuView.obj
         Debug\ChildFrm.obj
         Debug\ClassView.obj
         Debug\FileView.obj
         Debug\MainFrm.obj
         Debug\OutputWnd.obj
         Debug\PropertiesWnd.obj
         Debug\stdafx.obj
         Debug\ViewTree.obj
         cheltu.vcxproj -> C:\Users\Ady\Documents\Visual Studio 2012\Projects\cheltu\Debug\cheltu.exe
     1>Done Building Project "C:\Users\Ady\Documents\Visual Studio 2012\Projects\cheltu\cheltu\cheltu.vcxproj" (Build target(s)).

Build succeeded.

Time Elapsed 00:00:01.33
